12:27:00.316 [main] DEBUG com.intuit.karate.Suite - [config] classpath:karate-config.js
12:27:01.333 [main] INFO  com.intuit.karate - karate.env system property was: null 
12:27:01.666 [main] DEBUG com.intuit.karate - request:
1 > POST https://reqres.in/api/users
1 > x-api-key: reqres-free-v1
1 > Content-Type: application/json; charset=UTF-8
1 > Content-Length: 34
1 > Host: reqres.in
1 > Connection: Keep-Alive
1 > User-Agent: Apache-HttpClient/4.5.14 (Java/17.0.12)
1 > Accept-Encoding: gzip,deflate
{"name":"Abhishek","job":"leader"}

12:27:02.259 [main] DEBUG com.intuit.karate - response time in milliseconds: 590
1 < 201
1 < Date: Sun, 08 Jun 2025 06:57:03 GMT
1 < Content-Type: application/json; charset=utf-8
1 < Content-Length: 84
1 < Connection: keep-alive
1 < Cf-Ray: 94c67e29899e3a32-BOM
1 < Report-To: {"group":"heroku-nel","max_age":3600,"endpoints":[{"url":"https://nel.heroku.com/reports?ts=1749365823&sid=c4c9725f-1ab0-44d8-820f-430df2718e11&s=p2ILxDHM0LKaHzM3wzawo6Mz9vsPn1wGQ1DgPR8IH2E%3D"}]}
1 < Reporting-Endpoints: heroku-nel=https://nel.heroku.com/reports?ts=1749365823&sid=c4c9725f-1ab0-44d8-820f-430df2718e11&s=p2ILxDHM0LKaHzM3wzawo6Mz9vsPn1wGQ1DgPR8IH2E%3D
1 < Nel: {"report_to":"heroku-nel","max_age":3600,"success_fraction":0.005,"failure_fraction":0.05,"response_headers":["Via"]}
1 < X-Powered-By: Express
1 < Access-Control-Allow-Origin: *
1 < Ratelimit-Policy: 100;w=60
1 < Ratelimit-Limit: 100
1 < Ratelimit-Remaining: 90
1 < Ratelimit-Reset: 43
1 < Etag: W/"54-5JQkSfg1OXMoXJo65weBKPq0GCU"
1 < Via: 1.1 vegur
1 < Cf-Cache-Status: DYNAMIC
1 < Server: cloudflare
1 < server-timing: cfL4;desc="?proto=TCP&rtt=40658&min_rtt=37237&rtt_var=14033&sent=7&recv=7&lost=0&retrans=0&sent_bytes=3105&recv_bytes=885&delivery_rate=89543&cwnd=252&unsent_bytes=0&cid=0b366b13bd0ecb58&ts=400&x=0"
{"name":"Abhishek","job":"leader","id":"326","createdAt":"2025-06-08T06:57:03.198Z"}

12:27:02.284 [main] DEBUG com.intuit.karate - request:
2 > GET https://reqres.in/api/users/7
2 > x-api-key: reqres-free-v1
2 > Host: reqres.in
2 > Connection: Keep-Alive
2 > User-Agent: Apache-HttpClient/4.5.14 (Java/17.0.12)
2 > Accept-Encoding: gzip,deflate


12:27:02.442 [main] DEBUG com.intuit.karate - response time in milliseconds: 158
2 < 200
2 < Date: Sun, 08 Jun 2025 06:57:03 GMT
2 < Content-Type: application/json; charset=utf-8
2 < Transfer-Encoding: chunked
2 < Connection: keep-alive
2 < Report-To: {"group":"heroku-nel","max_age":3600,"endpoints":[{"url":"https://nel.heroku.com/reports?ts=1749360904&sid=c4c9725f-1ab0-44d8-820f-430df2718e11&s=LIavGEGd0ny1UuqIFUvbtxKtqCd46K0jfpiYPzAlPEM%3D"}]}
2 < Reporting-Endpoints: heroku-nel=https://nel.heroku.com/reports?ts=1749360904&sid=c4c9725f-1ab0-44d8-820f-430df2718e11&s=LIavGEGd0ny1UuqIFUvbtxKtqCd46K0jfpiYPzAlPEM%3D
2 < Nel: {"report_to":"heroku-nel","max_age":3600,"success_fraction":0.005,"failure_fraction":0.05,"response_headers":["Via"]}
2 < X-Powered-By: Express
2 < Access-Control-Allow-Origin: *
2 < Ratelimit-Policy: 100;w=60
2 < Ratelimit-Limit: 100
2 < Ratelimit-Remaining: 96
2 < Ratelimit-Reset: 60
2 < Etag: W/"156-oMlgkyEs6eb1/fskSNkbJSKBTI8"
2 < Via: 1.1 vegur
2 < Cache-Control: max-age=14400
2 < Cf-Cache-Status: HIT
2 < Age: 4919
2 < Vary: Accept-Encoding
2 < Server: cloudflare
2 < Cf-Ray: 94c67e2c7b413b45-BOM
2 < server-timing: cfL4;desc="?proto=TCP&rtt=40694&min_rtt=39874&rtt_var=16593&sent=3&recv=6&lost=0&retrans=0&sent_bytes=219&recv_bytes=1040&delivery_rate=31441&cwnd=250&unsent_bytes=0&cid=fed5dac5e2e1345f&ts=61&x=0"
{"data":{"id":7,"email":"michael.lawson@reqres.in","first_name":"Michael","last_name":"Lawson","avatar":"https://reqres.in/img/faces/7-image.jpg"},"support":{"url":"https://contentcaddy.io?utm_source=reqres&utm_medium=json&utm_campaign=referral","text":"Tired of writing endless social media content? Let Content Caddy generate it for you."}}

12:27:02.447 [main] DEBUG com.intuit.karate - request:
3 > PUT https://reqres.in/api/users/7
3 > x-api-key: reqres-free-v1
3 > Content-Type: application/json; charset=UTF-8
3 > Content-Length: 37
3 > Host: reqres.in
3 > Connection: Keep-Alive
3 > User-Agent: Apache-HttpClient/4.5.14 (Java/17.0.12)
3 > Accept-Encoding: gzip,deflate
{"name":"Abhishek","job":"QE leader"}

12:27:02.890 [main] DEBUG com.intuit.karate - response time in milliseconds: 442
3 < 200
3 < Date: Sun, 08 Jun 2025 06:57:03 GMT
3 < Content-Type: application/json; charset=utf-8
3 < Transfer-Encoding: chunked
3 < Connection: keep-alive
3 < Report-To: {"group":"heroku-nel","max_age":3600,"endpoints":[{"url":"https://nel.heroku.com/reports?ts=1749365823&sid=c4c9725f-1ab0-44d8-820f-430df2718e11&s=p2ILxDHM0LKaHzM3wzawo6Mz9vsPn1wGQ1DgPR8IH2E%3D"}]}
3 < Reporting-Endpoints: heroku-nel=https://nel.heroku.com/reports?ts=1749365823&sid=c4c9725f-1ab0-44d8-820f-430df2718e11&s=p2ILxDHM0LKaHzM3wzawo6Mz9vsPn1wGQ1DgPR8IH2E%3D
3 < Nel: {"report_to":"heroku-nel","max_age":3600,"success_fraction":0.005,"failure_fraction":0.05,"response_headers":["Via"]}
3 < X-Powered-By: Express
3 < Access-Control-Allow-Origin: *
3 < Ratelimit-Policy: 100;w=60
3 < Ratelimit-Limit: 100
3 < Ratelimit-Remaining: 88
3 < Ratelimit-Reset: 43
3 < Etag: W/"4c-LxAc4IWrnU94rPk4s2ZKR4dTwAQ"
3 < Via: 1.1 vegur
3 < Cf-Cache-Status: DYNAMIC
3 < Vary: Accept-Encoding
3 < Server: cloudflare
3 < Cf-Ray: 94c67e2d7c443a5d-BOM
3 < server-timing: cfL4;desc="?proto=TCP&rtt=41083&min_rtt=39833&rtt_var=17438&sent=3&recv=6&lost=0&retrans=0&sent_bytes=219&recv_bytes=1144&delivery_rate=29296&cwnd=250&unsent_bytes=0&cid=e5722fe7d67e44a1&ts=360&x=0"
{"name":"Abhishek","job":"QE leader","updatedAt":"2025-06-08T06:57:03.828Z"}

12:27:02.894 [main] DEBUG com.intuit.karate - request:
4 > PATCH https://reqres.in/api/users/7
4 > x-api-key: reqres-free-v1
4 > Content-Type: application/json; charset=UTF-8
4 > Content-Length: 39
4 > Host: reqres.in
4 > Connection: Keep-Alive
4 > User-Agent: Apache-HttpClient/4.5.14 (Java/17.0.12)
4 > Accept-Encoding: gzip,deflate
{"name":"Abhishek2","job":"QE leader2"}

12:27:03.289 [main] DEBUG com.intuit.karate - response time in milliseconds: 395
4 < 200
4 < Date: Sun, 08 Jun 2025 06:57:04 GMT
4 < Content-Type: application/json; charset=utf-8
4 < Transfer-Encoding: chunked
4 < Connection: keep-alive
4 < Report-To: {"group":"heroku-nel","max_age":3600,"endpoints":[{"url":"https://nel.heroku.com/reports?ts=1749365824&sid=c4c9725f-1ab0-44d8-820f-430df2718e11&s=IZkdVhBPD6ezAsVy8N9VO9QwpgZAT%2BAznuBX8kBnyZg%3D"}]}
4 < Reporting-Endpoints: heroku-nel=https://nel.heroku.com/reports?ts=1749365824&sid=c4c9725f-1ab0-44d8-820f-430df2718e11&s=IZkdVhBPD6ezAsVy8N9VO9QwpgZAT%2BAznuBX8kBnyZg%3D
4 < Nel: {"report_to":"heroku-nel","max_age":3600,"success_fraction":0.005,"failure_fraction":0.05,"response_headers":["Via"]}
4 < X-Powered-By: Express
4 < Access-Control-Allow-Origin: *
4 < Ratelimit-Policy: 100;w=60
4 < Ratelimit-Limit: 100
4 < Ratelimit-Remaining: 86
4 < Ratelimit-Reset: 42
4 < Etag: W/"4e-ze98WlBKkYca7IUeFp7V5BwKlJQ"
4 < Via: 1.1 vegur
4 < Cf-Cache-Status: DYNAMIC
4 < Server: cloudflare
4 < Cf-Ray: 94c67e303fa53b34-BOM
4 < server-timing: cfL4;desc="?proto=TCP&rtt=43406&min_rtt=40066&rtt_var=17411&sent=3&recv=6&lost=0&retrans=0&sent_bytes=219&recv_bytes=1148&delivery_rate=36439&cwnd=250&unsent_bytes=0&cid=eba6af20d23daf85&ts=311&x=0"
{"name":"Abhishek2","job":"QE leader2","updatedAt":"2025-06-08T06:57:04.251Z"}

12:27:03.292 [main] DEBUG c.intuit.karate.core.ScenarioEngine - over-writing existing variable 'id' with new value: 5
12:27:03.294 [main] DEBUG com.intuit.karate - request:
5 > DELETE https://reqres.in/api/users/5
5 > x-api-key: reqres-free-v1
5 > Host: reqres.in
5 > Connection: Keep-Alive
5 > User-Agent: Apache-HttpClient/4.5.14 (Java/17.0.12)
5 > Accept-Encoding: gzip,deflate


12:27:03.712 [main] DEBUG com.intuit.karate - response time in milliseconds: 415
5 < 204
5 < Date: Sun, 08 Jun 2025 06:57:04 GMT
5 < Connection: keep-alive
5 < Cf-Ray: 94c67e32bde43a2a-BOM
5 < Report-To: {"group":"heroku-nel","max_age":3600,"endpoints":[{"url":"https://nel.heroku.com/reports?ts=1749365824&sid=c4c9725f-1ab0-44d8-820f-430df2718e11&s=IZkdVhBPD6ezAsVy8N9VO9QwpgZAT%2BAznuBX8kBnyZg%3D"}]}
5 < Reporting-Endpoints: heroku-nel=https://nel.heroku.com/reports?ts=1749365824&sid=c4c9725f-1ab0-44d8-820f-430df2718e11&s=IZkdVhBPD6ezAsVy8N9VO9QwpgZAT%2BAznuBX8kBnyZg%3D
5 < Nel: {"report_to":"heroku-nel","max_age":3600,"success_fraction":0.005,"failure_fraction":0.05,"response_headers":["Via"]}
5 < X-Powered-By: Express
5 < Access-Control-Allow-Origin: *
5 < Ratelimit-Policy: 100;w=60
5 < Ratelimit-Limit: 100
5 < Ratelimit-Remaining: 84
5 < Ratelimit-Reset: 42
5 < Etag: W/"2-vyGp6PvFo4RvsFtPoIWeCReyIC8"
5 < Via: 1.1 vegur
5 < Cf-Cache-Status: DYNAMIC
5 < Server: cloudflare
5 < server-timing: cfL4;desc="?proto=TCP&rtt=44718&min_rtt=43905&rtt_var=18092&sent=3&recv=6&lost=0&retrans=0&sent_bytes=219&recv_bytes=1043&delivery_rate=28959&cwnd=250&unsent_bytes=0&cid=f2bef1ae9d3e00e7&ts=322&x=0"


